<?xml version="1.0" encoding="UTF-8"?>
<!-- Generated by org.testng.reporters.JUnitXMLReporter -->
<testsuite hostname="Alicias-MacBook-Air.local" ignored="0" name="Default test" tests="3" failures="1" timestamp="20 Apr 2018 18:55:09 GMT" time="5.645" errors="0">
  <testcase name="test_Get_Access" time="0.093" classname="week4day2.selenium.Test99GuruHomePage"/>
  <testcase name="test_Home_Page_DashBoard_UserName" time="0.068" classname="week4day2.selenium.Test99GuruHomePage"/>
  <testcase name="test_Set_User_Name" time="0.0" classname="week4day2.selenium.Test99GuruHomePage">
    <failure type="org.testng.TestNGException" message="
Parameter &amp;apos;strUserName&amp;apos; is required by @Test on method test_Set_User_Name but has not been marked @Optional or defined
in /private/var/folders/x7/4kc0whx905v64l8g7tsfjkw80000gn/T/testng-eclipse--952972870/testng-customsuite.xml">
      <![CDATA[org.testng.TestNGException: 
Parameter 'strUserName' is required by @Test on method test_Set_User_Name but has not been marked @Optional or defined
in /private/var/folders/x7/4kc0whx905v64l8g7tsfjkw80000gn/T/testng-eclipse--952972870/testng-customsuite.xml
at org.testng.internal.Parameters.createParams(Parameters.java:290)
at org.testng.internal.Parameters.createParametersForMethod(Parameters.java:359)
at org.testng.internal.Parameters.createParameters(Parameters.java:620)
at org.testng.internal.Parameters.handleParameters(Parameters.java:769)
at org.testng.internal.ParameterHandler.handleParameters(ParameterHandler.java:49)
at org.testng.internal.ParameterHandler.createParameters(ParameterHandler.java:37)
at org.testng.internal.Invoker.invokeTestMethods(Invoker.java:924)
at org.testng.internal.TestMethodWorker.invokeTestMethods(TestMethodWorker.java:125)
at org.testng.internal.TestMethodWorker.run(TestMethodWorker.java:109)
at org.testng.TestRunner.privateRun(TestRunner.java:648)
at org.testng.TestRunner.run(TestRunner.java:505)
at org.testng.SuiteRunner.runTest(SuiteRunner.java:455)
at org.testng.SuiteRunner.runSequentially(SuiteRunner.java:450)
at org.testng.SuiteRunner.privateRun(SuiteRunner.java:415)
at org.testng.SuiteRunner.run(SuiteRunner.java:364)
at org.testng.SuiteRunnerWorker.runSuite(SuiteRunnerWorker.java:52)
at org.testng.SuiteRunnerWorker.run(SuiteRunnerWorker.java:84)
at org.testng.TestNG.runSuitesSequentially(TestNG.java:1208)
at org.testng.TestNG.runSuitesLocally(TestNG.java:1137)
at org.testng.TestNG.runSuites(TestNG.java:1049)
at org.testng.TestNG.run(TestNG.java:1017)
at org.testng.remote.AbstractRemoteTestNG.run(AbstractRemoteTestNG.java:114)
at org.testng.remote.RemoteTestNG.initAndRun(RemoteTestNG.java:251)
at org.testng.remote.RemoteTestNG.main(RemoteTestNG.java:77)
]]>
    </failure>
  </testcase> <!-- test_Set_User_Name -->
</testsuite> <!-- Default test -->
