<?xml version="1.0" encoding="UTF-8"?>
<!-- Generated by org.testng.reporters.JUnitXMLReporter -->
<testsuite hostname="Alicias-MacBook-Air.local" ignored="1" name="SimpleParamExample" tests="5" failures="2" timestamp="21 Apr 2018 05:09:04 GMT" time="3.544" errors="0">
  <testcase name="test_Home_Page_DashBoard_UserName" time="0.078" classname="week4day2.selenium.Test99GuruHomePage"/>
  <testcase name="test_Get_Access" time="0.074" classname="week4day2.selenium.Test99GuruHomePage"/>
  <testcase name="test_Set_User_Name" time="0.056" classname="week4day2.selenium.Test99GuruHomePage">
    <failure type="java.lang.ClassCastException" message="org.openqa.selenium.remote.RemoteWebElement cannot be cast to org.openqa.selenium.By">
      <![CDATA[java.lang.ClassCastException: org.openqa.selenium.remote.RemoteWebElement cannot be cast to org.openqa.selenium.By
at com.guru99.framework.Guru99WebDriverImpl.sendKeys(Guru99WebDriverImpl.java:221)
at com.examples.pages.Guru99LoginPage.setUserName(Guru99LoginPage.java:97)
at week4day2.selenium.Test99GuruHomePage.test_Set_User_Name(Test99GuruHomePage.java:110)
... Removed 25 stack frames]]>
    </failure>
  </testcase> <!-- test_Set_User_Name -->
  <testcase name="test_Set_Password" time="0.056" classname="week4day2.selenium.Test99GuruHomePage">
    <failure type="java.lang.ClassCastException" message="org.openqa.selenium.remote.RemoteWebElement cannot be cast to org.openqa.selenium.By">
      <![CDATA[java.lang.ClassCastException: org.openqa.selenium.remote.RemoteWebElement cannot be cast to org.openqa.selenium.By
at com.guru99.framework.Guru99WebDriverImpl.sendKeys(Guru99WebDriverImpl.java:221)
at com.examples.pages.Guru99LoginPage.setPassword(Guru99LoginPage.java:108)
at week4day2.selenium.Test99GuruHomePage.test_Set_Password(Test99GuruHomePage.java:122)
... Removed 25 stack frames]]>
    </failure>
  </testcase> <!-- test_Set_Password -->
  <testcase name="test_Click_Login" time="0.417" classname="week4day2.selenium.Test99GuruHomePage"/>
  <testcase name="test_Get_Dropdown_List" time="0.0" classname="week4day2.selenium.Test99GuruHomePage">
    <ignored/>
  </testcase> <!-- test_Get_Dropdown_List -->
</testsuite> <!-- SimpleParamExample -->
