<?xml version="1.0" encoding="UTF-8"?>
<testng-results skipped="0" failed="2" ignored="1" total="6" passed="3">
  <reporter-output>
  </reporter-output>
  <suite name="Group of group Suite" duration-ms="3544" started-at="2018-04-21T05:09:01Z" finished-at="2018-04-21T05:09:04Z">
    <groups>
    </groups>
    <test name="SimpleParamExample" duration-ms="3544" started-at="2018-04-21T05:09:01Z" finished-at="2018-04-21T05:09:04Z">
      <class name="week4day2.selenium.Test99GuruHomePage">
        <test-method status="PASS" signature="setUp(java.lang.String)[pri:0, instance:week4day2.selenium.Test99GuruHomePage@335eadca]" name="setUp" is-config="true" duration-ms="2828" started-at="2018-04-21T05:09:01Z" finished-at="2018-04-21T05:09:04Z">
          <params>
            <param index="0">
              <value>
                <![CDATA[chrome]]>
              </value>
            </param>
          </params>
          <reporter-output>
          </reporter-output>
        </test-method> <!-- setUp -->
        <test-method status="PASS" signature="test_Home_Page_DashBoard_UserName()[pri:0, instance:week4day2.selenium.Test99GuruHomePage@335eadca]" name="test_Home_Page_DashBoard_UserName" duration-ms="78" started-at="2018-04-21T05:09:04Z" finished-at="2018-04-21T05:09:04Z">
          <reporter-output>
          </reporter-output>
        </test-method> <!-- test_Home_Page_DashBoard_UserName -->
        <test-method status="PASS" signature="test_Get_Access()[pri:0, instance:week4day2.selenium.Test99GuruHomePage@335eadca]" name="test_Get_Access" duration-ms="74" started-at="2018-04-21T05:09:04Z" finished-at="2018-04-21T05:09:04Z">
          <reporter-output>
          </reporter-output>
        </test-method> <!-- test_Get_Access -->
        <test-method status="FAIL" signature="test_Set_User_Name(java.lang.String)[pri:0, instance:week4day2.selenium.Test99GuruHomePage@335eadca]" name="test_Set_User_Name" duration-ms="56" started-at="2018-04-21T05:09:04Z" finished-at="2018-04-21T05:09:04Z">
          <params>
            <param index="0">
              <value>
                <![CDATA[adeleon55]]>
              </value>
            </param>
          </params>
          <exception class="java.lang.ClassCastException">
            <message>
              <![CDATA[org.openqa.selenium.remote.RemoteWebElement cannot be cast to org.openqa.selenium.By]]>
            </message>
            <full-stacktrace>
              <![CDATA[java.lang.ClassCastException: org.openqa.selenium.remote.RemoteWebElement cannot be cast to org.openqa.selenium.By
at com.guru99.framework.Guru99WebDriverImpl.sendKeys(Guru99WebDriverImpl.java:221)
at com.examples.pages.Guru99LoginPage.setUserName(Guru99LoginPage.java:97)
at week4day2.selenium.Test99GuruHomePage.test_Set_User_Name(Test99GuruHomePage.java:110)
at sun.reflect.NativeMethodAccessorImpl.invoke0(Native Method)
at sun.reflect.NativeMethodAccessorImpl.invoke(NativeMethodAccessorImpl.java:62)
at sun.reflect.DelegatingMethodAccessorImpl.invoke(DelegatingMethodAccessorImpl.java:43)
at java.lang.reflect.Method.invoke(Method.java:498)
at org.testng.internal.MethodInvocationHelper.invokeMethod(MethodInvocationHelper.java:124)
at org.testng.internal.Invoker.invokeMethod(Invoker.java:583)
at org.testng.internal.Invoker.invokeTestMethod(Invoker.java:719)
at org.testng.internal.Invoker.invokeTestMethods(Invoker.java:989)
at org.testng.internal.TestMethodWorker.invokeTestMethods(TestMethodWorker.java:125)
at org.testng.internal.TestMethodWorker.run(TestMethodWorker.java:109)
at org.testng.TestRunner.privateRun(TestRunner.java:648)
at org.testng.TestRunner.run(TestRunner.java:505)
at org.testng.SuiteRunner.runTest(SuiteRunner.java:455)
at org.testng.SuiteRunner.runSequentially(SuiteRunner.java:450)
at org.testng.SuiteRunner.privateRun(SuiteRunner.java:415)
at org.testng.SuiteRunner.run(SuiteRunner.java:364)
at org.testng.SuiteRunnerWorker.runSuite(SuiteRunnerWorker.java:52)
at org.testng.SuiteRunnerWorker.run(SuiteRunnerWorker.java:84)
at org.testng.TestNG.runSuitesSequentially(TestNG.java:1208)
at org.testng.TestNG.runSuitesLocally(TestNG.java:1137)
at org.testng.TestNG.runSuites(TestNG.java:1049)
at org.testng.TestNG.run(TestNG.java:1017)
at org.testng.remote.AbstractRemoteTestNG.run(AbstractRemoteTestNG.java:114)
at org.testng.remote.RemoteTestNG.initAndRun(RemoteTestNG.java:251)
at org.testng.remote.RemoteTestNG.main(RemoteTestNG.java:77)
]]>
            </full-stacktrace>
          </exception> <!-- java.lang.ClassCastException -->
          <reporter-output>
          </reporter-output>
        </test-method> <!-- test_Set_User_Name -->
        <test-method status="FAIL" signature="test_Set_Password(java.lang.String)[pri:0, instance:week4day2.selenium.Test99GuruHomePage@335eadca]" name="test_Set_Password" duration-ms="56" started-at="2018-04-21T05:09:04Z" finished-at="2018-04-21T05:09:04Z">
          <params>
            <param index="0">
              <value>
                <![CDATA[LoveLife101655]]>
              </value>
            </param>
          </params>
          <exception class="java.lang.ClassCastException">
            <message>
              <![CDATA[org.openqa.selenium.remote.RemoteWebElement cannot be cast to org.openqa.selenium.By]]>
            </message>
            <full-stacktrace>
              <![CDATA[java.lang.ClassCastException: org.openqa.selenium.remote.RemoteWebElement cannot be cast to org.openqa.selenium.By
at com.guru99.framework.Guru99WebDriverImpl.sendKeys(Guru99WebDriverImpl.java:221)
at com.examples.pages.Guru99LoginPage.setPassword(Guru99LoginPage.java:108)
at week4day2.selenium.Test99GuruHomePage.test_Set_Password(Test99GuruHomePage.java:122)
at sun.reflect.NativeMethodAccessorImpl.invoke0(Native Method)
at sun.reflect.NativeMethodAccessorImpl.invoke(NativeMethodAccessorImpl.java:62)
at sun.reflect.DelegatingMethodAccessorImpl.invoke(DelegatingMethodAccessorImpl.java:43)
at java.lang.reflect.Method.invoke(Method.java:498)
at org.testng.internal.MethodInvocationHelper.invokeMethod(MethodInvocationHelper.java:124)
at org.testng.internal.Invoker.invokeMethod(Invoker.java:583)
at org.testng.internal.Invoker.invokeTestMethod(Invoker.java:719)
at org.testng.internal.Invoker.invokeTestMethods(Invoker.java:989)
at org.testng.internal.TestMethodWorker.invokeTestMethods(TestMethodWorker.java:125)
at org.testng.internal.TestMethodWorker.run(TestMethodWorker.java:109)
at org.testng.TestRunner.privateRun(TestRunner.java:648)
at org.testng.TestRunner.run(TestRunner.java:505)
at org.testng.SuiteRunner.runTest(SuiteRunner.java:455)
at org.testng.SuiteRunner.runSequentially(SuiteRunner.java:450)
at org.testng.SuiteRunner.privateRun(SuiteRunner.java:415)
at org.testng.SuiteRunner.run(SuiteRunner.java:364)
at org.testng.SuiteRunnerWorker.runSuite(SuiteRunnerWorker.java:52)
at org.testng.SuiteRunnerWorker.run(SuiteRunnerWorker.java:84)
at org.testng.TestNG.runSuitesSequentially(TestNG.java:1208)
at org.testng.TestNG.runSuitesLocally(TestNG.java:1137)
at org.testng.TestNG.runSuites(TestNG.java:1049)
at org.testng.TestNG.run(TestNG.java:1017)
at org.testng.remote.AbstractRemoteTestNG.run(AbstractRemoteTestNG.java:114)
at org.testng.remote.RemoteTestNG.initAndRun(RemoteTestNG.java:251)
at org.testng.remote.RemoteTestNG.main(RemoteTestNG.java:77)
]]>
            </full-stacktrace>
          </exception> <!-- java.lang.ClassCastException -->
          <reporter-output>
          </reporter-output>
        </test-method> <!-- test_Set_Password -->
        <test-method status="PASS" signature="test_Click_Login()[pri:0, instance:week4day2.selenium.Test99GuruHomePage@335eadca]" name="test_Click_Login" duration-ms="417" started-at="2018-04-21T05:09:04Z" finished-at="2018-04-21T05:09:04Z">
          <reporter-output>
          </reporter-output>
        </test-method> <!-- test_Click_Login -->
      </class> <!-- week4day2.selenium.Test99GuruHomePage -->
    </test> <!-- SimpleParamExample -->
  </suite> <!-- Group of group Suite -->
</testng-results>
